<?xml version="1.0" encoding="UTF-8"?>
<testsuite name="sys.red.atomic.OracleDbConnectorApplicationTests" tests="1" skipped="0" failures="0" errors="0" timestamp="2016-06-16T13:01:38" hostname="r" time="0.007">
  <properties/>
  <testcase name="contextLoads" classname="sys.red.atomic.OracleDbConnectorApplicationTests" time="0.007"/>
  <system-out><![CDATA[16:01:36.882 [Test worker] DEBUG org.springframework.test.context.junit4.SpringJUnit4ClassRunner - SpringJUnit4ClassRunner constructor called with [class sys.red.atomic.OracleDbConnectorApplicationTests]
16:01:36.892 [Test worker] DEBUG org.springframework.test.context.BootstrapUtils - Instantiating CacheAwareContextLoaderDelegate from class [org.springframework.test.context.cache.DefaultCacheAwareContextLoaderDelegate]
16:01:36.903 [Test worker] DEBUG org.springframework.test.context.BootstrapUtils - Instantiating BootstrapContext using constructor [public org.springframework.test.context.support.DefaultBootstrapContext(java.lang.Class,org.springframework.test.context.CacheAwareContextLoaderDelegate)]
16:01:36.924 [Test worker] DEBUG org.springframework.test.context.BootstrapUtils - Instantiating TestContextBootstrapper for test class [sys.red.atomic.OracleDbConnectorApplicationTests] from class [org.springframework.test.context.support.DefaultTestContextBootstrapper]
16:01:36.973 [Test worker] DEBUG org.springframework.test.context.support.DefaultTestContextBootstrapper - Found explicit ContextLoader class [org.springframework.boot.test.SpringApplicationContextLoader] for context configuration attributes [ContextConfigurationAttributes@60e43ee8 declaringClass = 'sys.red.atomic.OracleDbConnectorApplicationTests', classes = '{class sys.red.atomic.OracleDbConnectorApplication}', locations = '{}', inheritLocations = true, initializers = '{}', inheritInitializers = true, name = [null], contextLoaderClass = 'org.springframework.boot.test.SpringApplicationContextLoader']
16:01:36.987 [Test worker] DEBUG org.springframework.test.context.support.AbstractContextLoader - Did not detect default resource location for test class [sys.red.atomic.OracleDbConnectorApplicationTests]: class path resource [sys/red/atomic/OracleDbConnectorApplicationTests-context.xml] does not exist
16:01:36.988 [Test worker] DEBUG org.springframework.test.context.support.AbstractContextLoader - Did not detect default resource location for test class [sys.red.atomic.OracleDbConnectorApplicationTests]: class path resource [sys/red/atomic/OracleDbConnectorApplicationTestsContext.groovy] does not exist
16:01:36.988 [Test worker] INFO org.springframework.test.context.support.AbstractContextLoader - Could not detect default resource locations for test class [sys.red.atomic.OracleDbConnectorApplicationTests]: no resource found for suffixes {-context.xml, Context.groovy}.
16:01:36.992 [Test worker] DEBUG org.springframework.test.context.support.ActiveProfilesUtils - Could not find an 'annotation declaring class' for annotation type [org.springframework.test.context.ActiveProfiles] and class [sys.red.atomic.OracleDbConnectorApplicationTests]
16:01:36.999 [Test worker] DEBUG org.springframework.test.context.support.DefaultTestContextBootstrapper - @TestExecutionListeners is not present for class [sys.red.atomic.OracleDbConnectorApplicationTests]: using defaults.
16:01:37.017 [Test worker] INFO org.springframework.test.context.support.DefaultTestContextBootstrapper - Loaded default TestExecutionListener class names from location [META-INF/spring.factories]: [org.springframework.test.context.web.ServletTestExecutionListener, org.springframework.test.context.support.DirtiesContextBeforeModesTestExecutionListener, org.springframework.test.context.support.DependencyInjectionTestExecutionListener, org.springframework.test.context.support.DirtiesContextTestExecutionListener, org.springframework.test.context.transaction.TransactionalTestExecutionListener, org.springframework.test.context.jdbc.SqlScriptsTestExecutionListener]
16:01:37.026 [Test worker] INFO org.springframework.test.context.support.DefaultTestContextBootstrapper - Could not instantiate TestExecutionListener [org.springframework.test.context.transaction.TransactionalTestExecutionListener]. Specify custom listener classes or make the default listener classes (and their required dependencies) available. Offending class: [org/springframework/transaction/TransactionDefinition]
16:01:37.028 [Test worker] INFO org.springframework.test.context.support.DefaultTestContextBootstrapper - Could not instantiate TestExecutionListener [org.springframework.test.context.jdbc.SqlScriptsTestExecutionListener]. Specify custom listener classes or make the default listener classes (and their required dependencies) available. Offending class: [org/springframework/transaction/interceptor/TransactionAttribute]
16:01:37.031 [Test worker] INFO org.springframework.test.context.support.DefaultTestContextBootstrapper - Could not instantiate TestExecutionListener [org.springframework.test.context.web.ServletTestExecutionListener]. Specify custom listener classes or make the default listener classes (and their required dependencies) available. Offending class: [javax/servlet/ServletContext]
16:01:37.037 [Test worker] INFO org.springframework.test.context.support.DefaultTestContextBootstrapper - Using TestExecutionListeners: [org.springframework.test.context.support.DirtiesContextBeforeModesTestExecutionListener@cdf893a, org.springframework.test.context.support.DependencyInjectionTestExecutionListener@4c3d9dc2, org.springframework.test.context.support.DirtiesContextTestExecutionListener@51b57388]
16:01:37.045 [Test worker] DEBUG org.springframework.test.annotation.ProfileValueUtils - Retrieved @ProfileValueSourceConfiguration [null] for test class [sys.red.atomic.OracleDbConnectorApplicationTests]
16:01:37.046 [Test worker] DEBUG org.springframework.test.annotation.ProfileValueUtils - Retrieved ProfileValueSource type [class org.springframework.test.annotation.SystemProfileValueSource] for class [sys.red.atomic.OracleDbConnectorApplicationTests]
16:01:37.048 [Test worker] DEBUG org.springframework.test.annotation.ProfileValueUtils - Retrieved @ProfileValueSourceConfiguration [null] for test class [sys.red.atomic.OracleDbConnectorApplicationTests]
16:01:37.049 [Test worker] DEBUG org.springframework.test.annotation.ProfileValueUtils - Retrieved ProfileValueSource type [class org.springframework.test.annotation.SystemProfileValueSource] for class [sys.red.atomic.OracleDbConnectorApplicationTests]
16:01:37.055 [Test worker] DEBUG org.springframework.test.context.support.AbstractDirtiesContextTestExecutionListener - Before test class: context [DefaultTestContext@20bd4681 testClass = OracleDbConnectorApplicationTests, testInstance = [null], testMethod = [null], testException = [null], mergedContextConfiguration = [MergedContextConfiguration@759389ba testClass = OracleDbConnectorApplicationTests, locations = '{}', classes = '{class sys.red.atomic.OracleDbConnectorApplication}', contextInitializerClasses = '[]', activeProfiles = '{}', propertySourceLocations = '{}', propertySourceProperties = '{}', contextLoader = 'org.springframework.boot.test.SpringApplicationContextLoader', parent = [null]]], class annotated with @DirtiesContext [false] with mode [null].
16:01:37.057 [Test worker] DEBUG org.springframework.test.annotation.ProfileValueUtils - Retrieved @ProfileValueSourceConfiguration [null] for test class [sys.red.atomic.OracleDbConnectorApplicationTests]
16:01:37.058 [Test worker] DEBUG org.springframework.test.annotation.ProfileValueUtils - Retrieved ProfileValueSource type [class org.springframework.test.annotation.SystemProfileValueSource] for class [sys.red.atomic.OracleDbConnectorApplicationTests]
16:01:37.061 [Test worker] DEBUG org.springframework.test.context.support.DependencyInjectionTestExecutionListener - Performing dependency injection for test context [[DefaultTestContext@20bd4681 testClass = OracleDbConnectorApplicationTests, testInstance = sys.red.atomic.OracleDbConnectorApplicationTests@193c346d, testMethod = [null], testException = [null], mergedContextConfiguration = [MergedContextConfiguration@759389ba testClass = OracleDbConnectorApplicationTests, locations = '{}', classes = '{class sys.red.atomic.OracleDbConnectorApplication}', contextInitializerClasses = '[]', activeProfiles = '{}', propertySourceLocations = '{}', propertySourceProperties = '{}', contextLoader = 'org.springframework.boot.test.SpringApplicationContextLoader', parent = [null]]]].
16:01:37.200 [Test worker] DEBUG org.springframework.core.env.StandardEnvironment - Adding [systemProperties] PropertySource with lowest search precedence
16:01:37.204 [Test worker] DEBUG org.springframework.core.env.StandardEnvironment - Adding [systemEnvironment] PropertySource with lowest search precedence
16:01:37.204 [Test worker] DEBUG org.springframework.core.env.StandardEnvironment - Initialized StandardEnvironment with PropertySources [systemProperties,systemEnvironment]
16:01:37.207 [Test worker] DEBUG org.springframework.core.env.StandardEnvironment - Adding [integrationTest] PropertySource with search precedence immediately lower than [systemEnvironment]

  .   ____          _            __ _ _
 /\\ / ___'_ __ _ _(_)_ __  __ _ \ \ \ \
( ( )\___ | '_ | '_| | '_ \/ _` | \ \ \ \
 \\/  ___)| |_)| | | | | || (_| |  ) ) ) )
  '  |____| .__|_| |_|_| |_\__, | / / / /
 =========|_|==============|___/=/_/_/_/
 :: Spring Boot ::        (v1.3.5.RELEASE)

2016-06-16 16:01:37.742  INFO 18257 --- [    Test worker] s.r.a.OracleDbConnectorApplicationTests  : Starting OracleDbConnectorApplicationTests on r with PID 18257 (/home/a/develop/TestApps/spring/OracleDbConnector/build/classes/test started by a in /home/a/develop/TestApps/spring/OracleDbConnector)
2016-06-16 16:01:37.744  INFO 18257 --- [    Test worker] s.r.a.OracleDbConnectorApplicationTests  : No active profile set, falling back to default profiles: default
2016-06-16 16:01:37.828  INFO 18257 --- [    Test worker] s.c.a.AnnotationConfigApplicationContext : Refreshing org.springframework.context.annotation.AnnotationConfigApplicationContext@3704222b: startup date [Thu Jun 16 16:01:37 MSK 2016]; root of context hierarchy
2016-06-16 16:01:38.950  INFO 18257 --- [    Test worker] s.r.a.OracleDbConnectorApplicationTests  : Started OracleDbConnectorApplicationTests in 1.738 seconds (JVM running for 3.294)
]]></system-out>
  <system-err><![CDATA[]]></system-err>
</testsuite>
