<?xml version="1.0" encoding="UTF-8"?>
<testsuite name="sys.red.atomic.OracleDbConnectorApplicationTests" tests="1" skipped="0" failures="0" errors="0" timestamp="2016-06-17T11:08:59" hostname="r" time="0.007">
  <properties/>
  <testcase name="contextLoads" classname="sys.red.atomic.OracleDbConnectorApplicationTests" time="0.007"/>
  <system-out><![CDATA[14:08:51.561 [Test worker] DEBUG org.springframework.test.context.junit4.SpringJUnit4ClassRunner - SpringJUnit4ClassRunner constructor called with [class sys.red.atomic.OracleDbConnectorApplicationTests]
14:08:51.572 [Test worker] DEBUG org.springframework.test.context.BootstrapUtils - Instantiating CacheAwareContextLoaderDelegate from class [org.springframework.test.context.cache.DefaultCacheAwareContextLoaderDelegate]
14:08:51.582 [Test worker] DEBUG org.springframework.test.context.BootstrapUtils - Instantiating BootstrapContext using constructor [public org.springframework.test.context.support.DefaultBootstrapContext(java.lang.Class,org.springframework.test.context.CacheAwareContextLoaderDelegate)]
14:08:51.603 [Test worker] DEBUG org.springframework.test.context.BootstrapUtils - Instantiating TestContextBootstrapper for test class [sys.red.atomic.OracleDbConnectorApplicationTests] from class [org.springframework.test.context.support.DefaultTestContextBootstrapper]
14:08:51.656 [Test worker] DEBUG org.springframework.test.context.support.DefaultTestContextBootstrapper - Found explicit ContextLoader class [org.springframework.boot.test.SpringApplicationContextLoader] for context configuration attributes [ContextConfigurationAttributes@64f48ed9 declaringClass = 'sys.red.atomic.OracleDbConnectorApplicationTests', classes = '{class sys.red.atomic.OracleDbConnectorApplication}', locations = '{}', inheritLocations = true, initializers = '{}', inheritInitializers = true, name = [null], contextLoaderClass = 'org.springframework.boot.test.SpringApplicationContextLoader']
14:08:51.672 [Test worker] DEBUG org.springframework.test.context.support.AbstractContextLoader - Did not detect default resource location for test class [sys.red.atomic.OracleDbConnectorApplicationTests]: class path resource [sys/red/atomic/OracleDbConnectorApplicationTests-context.xml] does not exist
14:08:51.672 [Test worker] DEBUG org.springframework.test.context.support.AbstractContextLoader - Did not detect default resource location for test class [sys.red.atomic.OracleDbConnectorApplicationTests]: class path resource [sys/red/atomic/OracleDbConnectorApplicationTestsContext.groovy] does not exist
14:08:51.673 [Test worker] INFO org.springframework.test.context.support.AbstractContextLoader - Could not detect default resource locations for test class [sys.red.atomic.OracleDbConnectorApplicationTests]: no resource found for suffixes {-context.xml, Context.groovy}.
14:08:51.676 [Test worker] DEBUG org.springframework.test.context.support.ActiveProfilesUtils - Could not find an 'annotation declaring class' for annotation type [org.springframework.test.context.ActiveProfiles] and class [sys.red.atomic.OracleDbConnectorApplicationTests]
14:08:51.684 [Test worker] DEBUG org.springframework.test.context.support.DefaultTestContextBootstrapper - @TestExecutionListeners is not present for class [sys.red.atomic.OracleDbConnectorApplicationTests]: using defaults.
14:08:51.701 [Test worker] INFO org.springframework.test.context.support.DefaultTestContextBootstrapper - Loaded default TestExecutionListener class names from location [META-INF/spring.factories]: [org.springframework.test.context.web.ServletTestExecutionListener, org.springframework.test.context.support.DirtiesContextBeforeModesTestExecutionListener, org.springframework.test.context.support.DependencyInjectionTestExecutionListener, org.springframework.test.context.support.DirtiesContextTestExecutionListener, org.springframework.test.context.transaction.TransactionalTestExecutionListener, org.springframework.test.context.jdbc.SqlScriptsTestExecutionListener]
14:08:51.726 [Test worker] INFO org.springframework.test.context.support.DefaultTestContextBootstrapper - Could not instantiate TestExecutionListener [org.springframework.test.context.web.ServletTestExecutionListener]. Specify custom listener classes or make the default listener classes (and their required dependencies) available. Offending class: [javax/servlet/ServletContext]
14:08:51.732 [Test worker] INFO org.springframework.test.context.support.DefaultTestContextBootstrapper - Using TestExecutionListeners: [org.springframework.test.context.support.DirtiesContextBeforeModesTestExecutionListener@2c302018, org.springframework.test.context.support.DependencyInjectionTestExecutionListener@7de1c036, org.springframework.test.context.support.DirtiesContextTestExecutionListener@3ff82278, org.springframework.test.context.transaction.TransactionalTestExecutionListener@43f95b8e, org.springframework.test.context.jdbc.SqlScriptsTestExecutionListener@6e648309]
14:08:51.738 [Test worker] DEBUG org.springframework.test.annotation.ProfileValueUtils - Retrieved @ProfileValueSourceConfiguration [null] for test class [sys.red.atomic.OracleDbConnectorApplicationTests]
14:08:51.740 [Test worker] DEBUG org.springframework.test.annotation.ProfileValueUtils - Retrieved ProfileValueSource type [class org.springframework.test.annotation.SystemProfileValueSource] for class [sys.red.atomic.OracleDbConnectorApplicationTests]
14:08:51.742 [Test worker] DEBUG org.springframework.test.annotation.ProfileValueUtils - Retrieved @ProfileValueSourceConfiguration [null] for test class [sys.red.atomic.OracleDbConnectorApplicationTests]
14:08:51.742 [Test worker] DEBUG org.springframework.test.annotation.ProfileValueUtils - Retrieved ProfileValueSource type [class org.springframework.test.annotation.SystemProfileValueSource] for class [sys.red.atomic.OracleDbConnectorApplicationTests]
14:08:51.749 [Test worker] DEBUG org.springframework.test.context.support.AbstractDirtiesContextTestExecutionListener - Before test class: context [DefaultTestContext@2b9682b8 testClass = OracleDbConnectorApplicationTests, testInstance = [null], testMethod = [null], testException = [null], mergedContextConfiguration = [MergedContextConfiguration@53d751b7 testClass = OracleDbConnectorApplicationTests, locations = '{}', classes = '{class sys.red.atomic.OracleDbConnectorApplication}', contextInitializerClasses = '[]', activeProfiles = '{}', propertySourceLocations = '{}', propertySourceProperties = '{}', contextLoader = 'org.springframework.boot.test.SpringApplicationContextLoader', parent = [null]]], class annotated with @DirtiesContext [false] with mode [null].
14:08:51.751 [Test worker] DEBUG org.springframework.test.annotation.ProfileValueUtils - Retrieved @ProfileValueSourceConfiguration [null] for test class [sys.red.atomic.OracleDbConnectorApplicationTests]
14:08:51.751 [Test worker] DEBUG org.springframework.test.annotation.ProfileValueUtils - Retrieved ProfileValueSource type [class org.springframework.test.annotation.SystemProfileValueSource] for class [sys.red.atomic.OracleDbConnectorApplicationTests]
14:08:51.759 [Test worker] DEBUG org.springframework.test.context.support.DependencyInjectionTestExecutionListener - Performing dependency injection for test context [[DefaultTestContext@2b9682b8 testClass = OracleDbConnectorApplicationTests, testInstance = sys.red.atomic.OracleDbConnectorApplicationTests@30a81f0e, testMethod = [null], testException = [null], mergedContextConfiguration = [MergedContextConfiguration@53d751b7 testClass = OracleDbConnectorApplicationTests, locations = '{}', classes = '{class sys.red.atomic.OracleDbConnectorApplication}', contextInitializerClasses = '[]', activeProfiles = '{}', propertySourceLocations = '{}', propertySourceProperties = '{}', contextLoader = 'org.springframework.boot.test.SpringApplicationContextLoader', parent = [null]]]].
14:08:51.913 [Test worker] DEBUG org.springframework.core.env.StandardEnvironment - Adding [systemProperties] PropertySource with lowest search precedence
14:08:51.918 [Test worker] DEBUG org.springframework.core.env.StandardEnvironment - Adding [systemEnvironment] PropertySource with lowest search precedence
14:08:51.918 [Test worker] DEBUG org.springframework.core.env.StandardEnvironment - Initialized StandardEnvironment with PropertySources [systemProperties,systemEnvironment]
14:08:51.921 [Test worker] DEBUG org.springframework.core.env.StandardEnvironment - Adding [integrationTest] PropertySource with search precedence immediately lower than [systemEnvironment]

  .   ____          _            __ _ _
 /\\ / ___'_ __ _ _(_)_ __  __ _ \ \ \ \
( ( )\___ | '_ | '_| | '_ \/ _` | \ \ \ \
 \\/  ___)| |_)| | | | | || (_| |  ) ) ) )
  '  |____| .__|_| |_|_| |_\__, | / / / /
 =========|_|==============|___/=/_/_/_/
 :: Spring Boot ::        (v1.3.5.RELEASE)

2016-06-17 14:08:52.507  INFO 17266 --- [    Test worker] s.r.a.OracleDbConnectorApplicationTests  : Starting OracleDbConnectorApplicationTests on r with PID 17266 (/home/a/develop/TestApps/spring/OracleDbConnector/build/classes/test started by a in /home/a/develop/TestApps/spring/OracleDbConnector)
2016-06-17 14:08:52.510  INFO 17266 --- [    Test worker] s.r.a.OracleDbConnectorApplicationTests  : No active profile set, falling back to default profiles: default
2016-06-17 14:08:52.591  INFO 17266 --- [    Test worker] s.c.a.AnnotationConfigApplicationContext : Refreshing org.springframework.context.annotation.AnnotationConfigApplicationContext@24ea8d3d: startup date [Fri Jun 17 14:08:52 MSK 2016]; root of context hierarchy
2016-06-17 14:08:57.574  INFO 17266 --- [    Test worker] j.LocalContainerEntityManagerFactoryBean : Building JPA container EntityManagerFactory for persistence unit 'default'
2016-06-17 14:08:57.624  INFO 17266 --- [    Test worker] o.hibernate.jpa.internal.util.LogHelper  : HHH000204: Processing PersistenceUnitInfo [
	name: default
	...]
2016-06-17 14:08:57.761  INFO 17266 --- [    Test worker] org.hibernate.Version                    : HHH000412: Hibernate Core {4.3.11.Final}
2016-06-17 14:08:57.765  INFO 17266 --- [    Test worker] org.hibernate.cfg.Environment            : HHH000206: hibernate.properties not found
2016-06-17 14:08:57.769  INFO 17266 --- [    Test worker] org.hibernate.cfg.Environment            : HHH000021: Bytecode provider name : javassist
2016-06-17 14:08:58.026  INFO 17266 --- [    Test worker] o.hibernate.annotations.common.Version   : HCANN000001: Hibernate Commons Annotations {4.0.5.Final}
2016-06-17 14:08:58.392  INFO 17266 --- [    Test worker] org.hibernate.dialect.Dialect            : HHH000400: Using dialect: org.hibernate.dialect.Oracle10gDialect
2016-06-17 14:08:58.500  INFO 17266 --- [    Test worker] o.h.h.i.ast.ASTQueryTranslatorFactory    : HHH000397: Using ASTQueryTranslatorFactory
2016-06-17 14:08:59.110  INFO 17266 --- [    Test worker] s.r.a.OracleDbConnectorApplicationTests  : Started OracleDbConnectorApplicationTests in 7.183 seconds (JVM running for 8.88)
]]></system-out>
  <system-err><![CDATA[]]></system-err>
</testsuite>
